<?xml version="1.0" encoding="UTF-8"?>
<!-- Generated by org.testng.reporters.JUnitXMLReporter -->
<testsuite ignored="1" hostname="LENOVO-PC" failures="1" tests="2" name="Default test(failed)" time="0.061" errors="0" timestamp="27 Feb 2020 10:57:33 GMT">
  <testcase classname="demo.TestNGFailedTest" name="test2" time="0.016"/>
  <testcase classname="demo.TestNGFailedTest" name="test3" time="0.004">
    <failure type="java.lang.AssertionError" message="expected [true] but found [false]">
      <![CDATA[java.lang.AssertionError: expected [true] but found [false]
at demo.TestNGFailedTest.test3(TestNGFailedTest.java:25)
... Removed 29 stack frames]]>
    </failure>
  </testcase> <!-- test3 -->
  <testcase classname="demo.TestNGFailedTest" name="test1" time="0.0">
    <ignored/>
  </testcase> <!-- test1 -->
</testsuite> <!-- Default test(failed) -->
