<?xml version="1.0" encoding="UTF-8"?>
<!-- Generated by org.testng.reporters.JUnitXMLReporter -->
<testsuite ignored="0" hostname="LENOVO-PC" failures="0" tests="5" name="Test1" time="0.094" errors="0" timestamp="28 Feb 2020 17:20:28 GMT">
  <testcase classname="demo.TestNGtest1" name="test1" time="0.024"/>
  <testcase classname="demo.TestNGtest1" name="test3" time="0.003"/>
  <testcase classname="demo.TestNGtest1" name="test4" time="0.002"/>
  <testcase classname="demo.TestNGtest1" name="test5" time="0.003"/>
  <testcase classname="demo.TestNGtest1" name="tes2" time="0.002"/>
</testsuite> <!-- Test1 -->
