<?xml version="1.0" encoding="UTF-8"?>
<testng-results ignored="0" total="5" passed="5" failed="0" skipped="0">
  <reporter-output>
  </reporter-output>
  <suite started-at="2020-02-28T17:20:27Z" name="Suite1" finished-at="2020-02-28T17:20:27Z" duration-ms="94">
    <groups>
      <group name="sanity">
        <method signature="TestNGtest1.test5()[pri:0, instance:demo.TestNGtest1@29215f06]" name="test5" class="demo.TestNGtest1"/>
      </group> <!-- sanity -->
    </groups>
    <test started-at="2020-02-28T17:20:27Z" name="Test1" finished-at="2020-02-28T17:20:27Z" duration-ms="94">
      <class name="demo.TestNGtest1">
        <test-method signature="test1()[pri:0, instance:demo.TestNGtest1@29215f06]" started-at="2020-02-28T17:20:27Z" name="test1" finished-at="2020-02-28T17:20:27Z" duration-ms="24" status="PASS">
          <reporter-output>
          </reporter-output>
        </test-method> <!-- test1 -->
        <test-method signature="test3(java.lang.String)[pri:0, instance:demo.TestNGtest1@29215f06]" started-at="2020-02-28T17:20:27Z" name="test3" finished-at="2020-02-28T17:20:27Z" duration-ms="3" status="PASS">
          <params>
            <param index="0">
              <value>
                <![CDATA[Sujaj]]>
              </value>
            </param>
          </params>
          <reporter-output>
          </reporter-output>
        </test-method> <!-- test3 -->
        <test-method signature="test4()[pri:0, instance:demo.TestNGtest1@29215f06]" started-at="2020-02-28T17:20:27Z" name="test4" finished-at="2020-02-28T17:20:27Z" duration-ms="2" status="PASS">
          <reporter-output>
          </reporter-output>
        </test-method> <!-- test4 -->
        <test-method signature="test5()[pri:0, instance:demo.TestNGtest1@29215f06]" started-at="2020-02-28T17:20:27Z" name="test5" finished-at="2020-02-28T17:20:27Z" duration-ms="3" status="PASS">
          <reporter-output>
          </reporter-output>
        </test-method> <!-- test5 -->
        <test-method signature="tes2()[pri:0, instance:demo.TestNGtest1@29215f06]" started-at="2020-02-28T17:20:27Z" name="tes2" finished-at="2020-02-28T17:20:27Z" depends-on-methods="demo.TestNGtest1.test3" duration-ms="2" status="PASS">
          <reporter-output>
          </reporter-output>
        </test-method> <!-- tes2 -->
      </class> <!-- demo.TestNGtest1 -->
    </test> <!-- Test1 -->
  </suite> <!-- Suite1 -->
</testng-results>
