<?xml version="1.0" encoding="UTF-8"?>
<testng-results total="1" passed="1" failed="0" skipped="0">
  <reporter-output>
  </reporter-output>
  <suite started-at="2020-02-29T09:29:37Z" name="Suite" finished-at="2020-02-29T09:29:52Z" duration-ms="14934">
    <groups>
    </groups>
    <test started-at="2020-02-29T09:29:37Z" name="Test" finished-at="2020-02-29T09:29:52Z" duration-ms="14934">
      <class name="com.automation.TestRunner.TestRunner">
        <test-method is-config="true" signature="setUp()[pri:0, instance:com.automation.TestRunner.TestRunner@550dbc7a]" started-at="2020-02-29T14:59:37Z" name="setUp" finished-at="2020-02-29T14:59:37Z" duration-ms="337" status="PASS">
          <reporter-output>
          </reporter-output>
        </test-method> <!-- setUp -->
        <test-method signature="feature(cucumber.api.testng.CucumberFeatureWrapper)[pri:0, instance:com.automation.TestRunner.TestRunner@550dbc7a]" started-at="2020-02-29T14:59:37Z" name="feature" data-provider="features" finished-at="2020-02-29T14:59:52Z" duration-ms="14426" status="PASS">
          <params>
            <param index="0">
              <value>
                <![CDATA[Youtube Search validations]]>
              </value>
            </param>
          </params>
          <reporter-output>
          </reporter-output>
        </test-method> <!-- feature -->
        <test-method is-config="true" signature="tearDown()[pri:0, instance:com.automation.TestRunner.TestRunner@550dbc7a]" started-at="2020-02-29T14:59:52Z" name="tearDown" finished-at="2020-02-29T14:59:52Z" duration-ms="32" status="PASS">
          <reporter-output>
          </reporter-output>
        </test-method> <!-- tearDown -->
      </class> <!-- com.automation.TestRunner.TestRunner -->
    </test> <!-- Test -->
  </suite> <!-- Suite -->
</testng-results>
